android-companion/app/build/intermediates/manifest_merge_blame_file/debug/processDebugMainManifest/manifest-merger-blame-debug-report.txt
1<?xml version="1.0" encoding="utf-8"?>
2<manifest xmlns:android="http://schemas.android.com/apk/res/android"
3    package="com.mromrell.tunerpi.remote"
4    android:versionCode="1"
5    android:versionName="0.1.0" >
6
7    <uses-sdk
8        android:minSdkVersion="29"
9        android:targetSdkVersion="36" />
10
11    <uses-permission android:name="android.permission.INTERNET" />
11-->src\main\AndroidManifest.xml:2:5-67
11-->src\main\AndroidManifest.xml:2:22-64
12    <uses-permission android:name="android.permission.ACCESS_NETWORK_STATE" />
12-->src\main\AndroidManifest.xml:3:5-79
12-->src\main\AndroidManifest.xml:3:22-76
13    <uses-permission
13-->src\main\AndroidManifest.xml:4:5-95
14        android:name="android.permission.BLUETOOTH"
14-->src\main\AndroidManifest.xml:4:22-65
15        android:maxSdkVersion="30" />
15-->src\main\AndroidManifest.xml:4:66-92
16    <uses-permission
16-->src\main\AndroidManifest.xml:5:5-101
17        android:name="android.permission.BLUETOOTH_ADMIN"
17-->src\main\AndroidManifest.xml:5:22-71
18        android:maxSdkVersion="30" />
18-->src\main\AndroidManifest.xml:5:72-98
19    <uses-permission
19-->src\main\AndroidManifest.xml:6:5-106
20        android:name="android.permission.ACCESS_FINE_LOCATION"
20-->src\main\AndroidManifest.xml:6:22-76
21        android:maxSdkVersion="30" />
21-->src\main\AndroidManifest.xml:6:77-103
22    <uses-permission android:name="android.permission.BLUETOOTH_SCAN" />
22-->src\main\AndroidManifest.xml:7:5-73
22-->src\main\AndroidManifest.xml:7:22-70
23    <uses-permission android:name="android.permission.BLUETOOTH_CONNECT" />
23-->src\main\AndroidManifest.xml:8:5-76
23-->src\main\AndroidManifest.xml:8:22-73
24
25    <permission
25-->[androidx.core:core:1.15.0] AndroidManifest.xml:22:5-24:47
26        android:name="com.mromrell.tunerpi.remote.DYNAMIC_RECEIVER_NOT_EXPORTED_PERMISSION"
26-->[androidx.core:core:1.15.0] AndroidManifest.xml:23:9-81
27        android:protectionLevel="signature" />
27-->[androidx.core:core:1.15.0] AndroidManifest.xml:24:9-44
28
29    <uses-permission android:name="com.mromrell.tunerpi.remote.DYNAMIC_RECEIVER_NOT_EXPORTED_PERMISSION" />
29-->[androidx.core:core:1.15.0] AndroidManifest.xml:26:5-97
29-->[androidx.core:core:1.15.0] AndroidManifest.xml:26:22-94
30
31    <application
31-->src\main\AndroidManifest.xml:10:5-20:19
32        android:allowBackup="false"
32-->src\main\AndroidManifest.xml:10:18-45
33        android:appComponentFactory="androidx.core.app.CoreComponentFactory"
33-->[androidx.core:core:1.15.0] AndroidManifest.xml:28:18-86
34        android:debuggable="true"
35        android:extractNativeLibs="false"
36        android:label="TunerPi Remote"
36-->src\main\AndroidManifest.xml:10:46-76
37        android:theme="@style/AppTheme"
37-->src\main\AndroidManifest.xml:10:77-108
38        android:usesCleartextTraffic="true" >
38-->src\main\AndroidManifest.xml:10:109-144
39        <activity
39-->src\main\AndroidManifest.xml:11:9-16:20
40            android:name="com.mromrell.tunerpi.remote.MainActivity"
40-->src\main\AndroidManifest.xml:11:19-47
41            android:configChanges="orientation|screenSize|smallestScreenSize"
41-->src\main\AndroidManifest.xml:11:48-113
42            android:exported="true" >
42-->src\main\AndroidManifest.xml:11:114-137
43            <intent-filter>
43-->src\main\AndroidManifest.xml:12:13-15:29
44                <action android:name="android.intent.action.MAIN" />
44-->src\main\AndroidManifest.xml:13:17-69
44-->src\main\AndroidManifest.xml:13:25-66
45
46                <category android:name="android.intent.category.LAUNCHER" />
46-->src\main\AndroidManifest.xml:14:17-77
46-->src\main\AndroidManifest.xml:14:27-74
47            </intent-filter>
48        </activity>
49
50        <provider
50-->src\main\AndroidManifest.xml:17:9-19:20
51            android:name="androidx.core.content.FileProvider"
51-->src\main\AndroidManifest.xml:17:19-68
52            android:authorities="com.mromrell.tunerpi.remote.files"
52-->src\main\AndroidManifest.xml:17:69-124
53            android:exported="false"
53-->src\main\AndroidManifest.xml:17:125-149
54            android:grantUriPermissions="true" >
54-->src\main\AndroidManifest.xml:17:150-184
55            <meta-data
55-->src\main\AndroidManifest.xml:18:13-113
56                android:name="android.support.FILE_PROVIDER_PATHS"
56-->src\main\AndroidManifest.xml:18:24-74
57                android:resource="@xml/share_paths" />
57-->src\main\AndroidManifest.xml:18:75-110
58        </provider>
59        <provider
59-->[androidx.profileinstaller:profileinstaller:1.3.0] AndroidManifest.xml:24:9-32:20
60            android:name="androidx.startup.InitializationProvider"
60-->[androidx.profileinstaller:profileinstaller:1.3.0] AndroidManifest.xml:25:13-67
61            android:authorities="com.mromrell.tunerpi.remote.androidx-startup"
61-->[androidx.profileinstaller:profileinstaller:1.3.0] AndroidManifest.xml:26:13-68
62            android:exported="false" >
62-->[androidx.profileinstaller:profileinstaller:1.3.0] AndroidManifest.xml:27:13-37
63            <meta-data
63-->[androidx.profileinstaller:profileinstaller:1.3.0] AndroidManifest.xml:29:13-31:52
64                android:name="androidx.profileinstaller.ProfileInstallerInitializer"
64-->[androidx.profileinstaller:profileinstaller:1.3.0] AndroidManifest.xml:30:17-85
65                android:value="androidx.startup" />
65-->[androidx.profileinstaller:profileinstaller:1.3.0] AndroidManifest.xml:31:17-49
66        </provider>
67
68        <receiver
68-->[androidx.profileinstaller:profileinstaller:1.3.0] AndroidManifest.xml:34:9-52:20
69            android:name="androidx.profileinstaller.ProfileInstallReceiver"
69-->[androidx.profileinstaller:profileinstaller:1.3.0] AndroidManifest.xml:35:13-76
70            android:directBootAware="false"
70-->[androidx.profileinstaller:profileinstaller:1.3.0] AndroidManifest.xml:36:13-44
71            android:enabled="true"
71-->[androidx.profileinstaller:profileinstaller:1.3.0] AndroidManifest.xml:37:13-35
72            android:exported="true"
72-->[androidx.profileinstaller:profileinstaller:1.3.0] AndroidManifest.xml:38:13-36
73            android:permission="android.permission.DUMP" >
73-->[androidx.profileinstaller:profileinstaller:1.3.0] AndroidManifest.xml:39:13-57
74            <intent-filter>
74-->[androidx.profileinstaller:profileinstaller:1.3.0] AndroidManifest.xml:40:13-42:29
75                <action android:name="androidx.profileinstaller.action.INSTALL_PROFILE" />
75-->[androidx.profileinstaller:profileinstaller:1.3.0] AndroidManifest.xml:41:17-91
75-->[androidx.profileinstaller:profileinstaller:1.3.0] AndroidManifest.xml:41:25-88
76            </intent-filter>
77            <intent-filter>
77-->[androidx.profileinstaller:profileinstaller:1.3.0] AndroidManifest.xml:43:13-45:29
78                <action android:name="androidx.profileinstaller.action.SKIP_FILE" />
78-->[androidx.profileinstaller:profileinstaller:1.3.0] AndroidManifest.xml:44:17-85
78-->[androidx.profileinstaller:profileinstaller:1.3.0] AndroidManifest.xml:44:25-82
79            </intent-filter>
80            <intent-filter>
80-->[androidx.profileinstaller:profileinstaller:1.3.0] AndroidManifest.xml:46:13-48:29
81                <action android:name="androidx.profileinstaller.action.SAVE_PROFILE" />
81-->[androidx.profileinstaller:profileinstaller:1.3.0] AndroidManifest.xml:47:17-88
81-->[androidx.profileinstaller:profileinstaller:1.3.0] AndroidManifest.xml:47:25-85
82            </intent-filter>
83            <intent-filter>
83-->[androidx.profileinstaller:profileinstaller:1.3.0] AndroidManifest.xml:49:13-51:29
84                <action android:name="androidx.profileinstaller.action.BENCHMARK_OPERATION" />
84-->[androidx.profileinstaller:profileinstaller:1.3.0] AndroidManifest.xml:50:17-95
84-->[androidx.profileinstaller:profileinstaller:1.3.0] AndroidManifest.xml:50:25-92
85            </intent-filter>
86        </receiver>
87    </application>
88
89</manifest>